0 verbose cli [ '/usr/bin/node', '/usr/bin/npm', 'run', 'build' ]
1 info using npm@8.5.5
2 info using node@v17.9.0
3 timing npm:load:whichnode Completed in 0ms
4 timing config:load:defaults Completed in 1ms
5 timing config:load:file:/usr/lib/node_modules/npm/npmrc Completed in 1ms
6 timing config:load:builtin Completed in 1ms
7 timing config:load:cli Completed in 0ms
8 verbose config tmp This setting is no longer used.  npm stores temporary files in a special
8 verbose config location in the cache, and they are managed by
8 verbose config     [`cacache`](http://npm.im/cacache).
9 timing config:load:env Completed in 1ms
10 timing config:load:file:/home/aeternam/Documents/Dani/tiendavirtual/.npmrc Completed in 0ms
11 timing config:load:project Completed in 1ms
12 timing config:load:file:/home/aeternam/.npmrc Completed in 0ms
13 timing config:load:user Completed in 0ms
14 timing config:load:file:/home/aeternam/Documents/Dani/tiendavirtual/npm/etc/npmrc Completed in 0ms
15 timing config:load:global Completed in 0ms
16 timing config:load:validate Completed in 0ms
17 timing config:load:credentials Completed in 1ms
18 timing config:load:setEnvs Completed in 0ms
19 timing config:load Completed in 6ms
20 timing npm:load:configload Completed in 6ms
21 timing npm:load:setTitle Completed in 0ms
22 timing config:load:flatten Completed in 1ms
23 timing npm:load:display Completed in 2ms
24 verbose logfile /home/aeternam/Documents/Dani/tiendavirtual/npm/cache/_logs/2022-05-06T16_12_47_030Z-debug-0.log
25 timing npm:load:logFile Completed in 3ms
26 timing npm:load:timers Completed in 0ms
27 timing npm:load:configScope Completed in 0ms
28 timing npm:load Completed in 11ms
29 silly logfile start cleaning logs, removing 1 files
30 timing command:run Completed in 4670ms
31 verbose exit 0
32 timing npm Completed in 4742ms
33 info ok
